<?xml version="1.0" encoding="UTF-8"?>
<testsuite name="JUnit Vintage" tests="0" skipped="0" failures="0" errors="0" time="0.001" hostname="c0a5eb1e884c" timestamp="2024-05-26T16:17:14">
<properties>
<property name="file.encoding" value="UTF-8"/>
<property name="file.separator" value="/"/>
<property name="java.class.path" value="junit-platform-console-standalone.jar"/>
<property name="java.class.version" value="66.0"/>
<property name="java.home" value="/usr/lib/jvm/jdk-22.0.1-bellsoft-x86_64"/>
<property name="java.io.tmpdir" value="/tmp"/>
<property name="java.library.path" value="/usr/lib/jvm/jdk-22.0.1-bellsoft-x86_64/lib/server:/usr/lib/jvm/jdk-22.0.1-bellsoft-x86_64/lib:/usr/lib/jvm/jdk-22.0.1-bellsoft-x86_64/../lib:/usr/java/packages/lib:/usr/lib64:/lib64:/lib:/usr/lib"/>
<property name="java.runtime.name" value="OpenJDK Runtime Environment"/>
<property name="java.runtime.version" value="22.0.1+10"/>
<property name="java.specification.name" value="Java Platform API Specification"/>
<property name="java.specification.vendor" value="Oracle Corporation"/>
<property name="java.specification.version" value="22"/>
<property name="java.vendor" value="BellSoft"/>
<property name="java.vendor.url" value="https://bell-sw.com/"/>
<property name="java.vendor.url.bug" value="https://bell-sw.com/support"/>
<property name="java.version" value="22.0.1"/>
<property name="java.version.date" value="2024-04-16"/>
<property name="java.vm.compressedOopsMode" value="Zero based"/>
<property name="java.vm.info" value="mixed mode, sharing"/>
<property name="java.vm.name" value="OpenJDK 64-Bit Server VM"/>
<property name="java.vm.specification.name" value="Java Virtual Machine Specification"/>
<property name="java.vm.specification.vendor" value="Oracle Corporation"/>
<property name="java.vm.specification.version" value="22"/>
<property name="java.vm.vendor" value="BellSoft"/>
<property name="java.vm.version" value="22.0.1+10"/>
<property name="jdk.debug" value="release"/>
<property name="line.separator" value="
"/>
<property name="native.encoding" value="UTF-8"/>
<property name="os.arch" value="amd64"/>
<property name="os.name" value="Linux"/>
<property name="os.version" value="6.5.0-35-generic"/>
<property name="path.separator" value=":"/>
<property name="stderr.encoding" value="UTF-8"/>
<property name="stdout.encoding" value="UTF-8"/>
<property name="sun.arch.data.model" value="64"/>
<property name="sun.boot.library.path" value="/usr/lib/jvm/jdk-22.0.1-bellsoft-x86_64/lib"/>
<property name="sun.cpu.endian" value="little"/>
<property name="sun.io.unicode.encoding" value="UnicodeLittle"/>
<property name="sun.java.command" value="junit-platform-console-standalone.jar --class-path /app/dependency/junit-jupiter-engine-5.10.2.jar:/app/dependency/hamcrest-2.2.jar:/app/dependency/apiguardian-api-1.1.2.jar:/app/dependency/opentest4j-1.3.0.jar:/app/dependency/junit-jupiter-api-5.10.2.jar:/app/dependency/junit-platform-commons-1.10.2.jar:/app/dependency/junit-jupiter-params-5.8.1.jar:/app/dependency/joda-time-2.9.2.jar:/app/dependency/junit-platform-engine-1.10.2.jar:/app/classes:/app/test-classes:/app --scan-class-path --details=tree --reports-dir=test-reports"/>
<property name="sun.java.launcher" value="SUN_STANDARD"/>
<property name="sun.jnu.encoding" value="UTF-8"/>
<property name="sun.management.compiler" value="HotSpot 64-Bit Tiered Compilers"/>
<property name="user.country" value="US"/>
<property name="user.dir" value="/app"/>
<property name="user.home" value="/root"/>
<property name="user.language" value="en"/>
<property name="user.name" value="root"/>
<property name="user.timezone" value="GMT"/>
</properties>
<system-out><![CDATA[
unique-id: [engine:junit-vintage]
display-name: JUnit Vintage
]]></system-out>
</testsuite>
